EPVwsdemo listening at http://:::1337
Mon Mar 25 2019 14:45:02 GMT+0000 (UTC) Connection from origin http://18.220.253.248:1337.
Mon Mar 25 2019 14:45:02 GMT+0000 (UTC) Connection accepted.
Mon Mar 25 2019 14:45:02 GMT+0000 (UTC) USER CONNECTED - known as: Aaa with brown color.
Mon Mar 25 2019 14:45:08 GMT+0000 (UTC) MESSAGE RECEIVED - message:{"type":"textMessage","time":1553525108399,"data":"Hdhd","author":"Aaa","color":"brown"}
Mon Mar 25 2019 14:45:08 GMT+0000 (UTC) MESSAGE SENT - to:Aaa message:{"type":"textMessage","time":1553525108399,"data":"Hdhd","author":"Aaa","color":"brown"}
Mon Mar 25 2019 14:45:08 GMT+0000 (UTC) ACK RECEIVED - message:{"type":"ack","time":1553525108583,"data":"ack","author":"Aaa","color":""}
Mon Mar 25 2019 14:45:17 GMT+0000 (UTC) SUBSCRIBE RECEIVED - message:{"type":"subscribe","time":1553525118079,"data":"10bis","author":"Aaa","color":"brown"}
[ '10bis' ]
Mon Mar 25 2019 14:45:19 GMT+0000 (UTC) SUBSCRIBE RECEIVED - message:{"type":"subscribe","time":1553525119392,"data":"ALERTS","author":"Aaa","color":"brown"}
[ '10bis', 'ALERTS' ]
Mon Mar 25 2019 14:45:30 GMT+0000 (UTC) UNSUBSCRIBE RECEIVED - message:{"type":"unsubscribe","time":1553525131138,"data":"10bis","author":"Aaa","color":"brown"}
[ 'ALERTS' ]
Mon Mar 25 2019 14:45:31 GMT+0000 (UTC) SUBSCRIBE RECEIVED - message:{"type":"subscribe","time":1553525132106,"data":"10bis","author":"Aaa","color":"brown"}
[ 'ALERTS', '10bis' ]
Mon Mar 25 2019 14:45:34 GMT+0000 (UTC) MESSAGE RECEIVED - message:{"type":"textMessage","time":1553525134736,"data":"Jdjx","author":"Aaa","color":"brown"}
Mon Mar 25 2019 14:45:34 GMT+0000 (UTC) MESSAGE SENT - to:Aaa message:{"type":"textMessage","time":1553525134736,"data":"Jdjx","author":"Aaa","color":"brown"}
Mon Mar 25 2019 14:45:34 GMT+0000 (UTC) ACK RECEIVED - message:{"type":"ack","time":1553525134918,"data":"ack","author":"Aaa","color":""}
Mon Mar 25 2019 14:49:35 GMT+0000 (UTC) UNSUBSCRIBE RECEIVED - message:{"type":"unsubscribe","time":1553525375684,"data":"10bis","author":"Aaa","color":"brown"}
[ 'ALERTS' ]
POST request to /publishToTopic: {"topic":"10bis","message":"ggg!"}
Mon Mar 25 2019 14:49:47 GMT+0000 (UTC) SUBSCRIBE RECEIVED - message:{"type":"subscribe","time":1553525388266,"data":"10bis","author":"Aaa","color":"brown"}
[ 'ALERTS', '10bis' ]
POST request to /publishToTopic: {"topic":"10bis","message":"ggg!"}
Mon Mar 25 2019 14:49:53 GMT+0000 (UTC) ACK RECEIVED - message:{"type":"ack","time":1553525393935,"data":"ack","author":"Aaa","color":""}
Mon Mar 25 2019 14:53:34 GMT+0000 (UTC) USER DISCONNECTED - Aaa undefined
Mon Mar 25 2019 14:56:59 GMT+0000 (UTC) Connection from origin http://18.220.253.248:1337.
Mon Mar 25 2019 14:56:59 GMT+0000 (UTC) Connection accepted.
Mon Mar 25 2019 14:56:59 GMT+0000 (UTC) USER CONNECTED - known as: Ggg with green color.
Mon Mar 25 2019 14:57:08 GMT+0000 (UTC) MESSAGE RECEIVED - message:{"type":"textMessage","time":1553525829073,"data":"Hhhh","author":"Ggg","color":"green"}
Mon Mar 25 2019 14:57:08 GMT+0000 (UTC) MESSAGE SENT - to:Ggg message:{"type":"textMessage","time":1553525829073,"data":"Hhhh","author":"Ggg","color":"green"}
Mon Mar 25 2019 14:57:09 GMT+0000 (UTC) ACK RECEIVED - message:{"type":"ack","time":1553525829274,"data":"ack","author":"Ggg","color":""}
Mon Mar 25 2019 15:18:42 GMT+0000 (UTC) USER DISCONNECTED - Ggg undefined
Mon Mar 25 2019 17:42:05 GMT+0000 (UTC) Connection from origin http://18.220.253.248:1337.
Mon Mar 25 2019 17:42:05 GMT+0000 (UTC) Connection accepted.
Mon Mar 25 2019 17:42:05 GMT+0000 (UTC) USER CONNECTED - known as: Arik with magenta color.
Mon Mar 25 2019 17:42:11 GMT+0000 (UTC) MESSAGE RECEIVED - message:{"type":"textMessage","time":1553535731509,"data":"Yyy","author":"Arik","color":"magenta"}
Mon Mar 25 2019 17:42:11 GMT+0000 (UTC) MESSAGE SENT - to:Arik message:{"type":"textMessage","time":1553535731509,"data":"Yyy","author":"Arik","color":"magenta"}
Mon Mar 25 2019 17:42:11 GMT+0000 (UTC) ACK RECEIVED - message:{"type":"ack","time":1553535731780,"data":"ack","author":"Arik","color":""}
Mon Mar 25 2019 17:42:15 GMT+0000 (UTC) SUBSCRIBE RECEIVED - message:{"type":"subscribe","time":1553535736165,"data":"10bis","author":"Arik","color":"magenta"}
[ '10bis' ]
POST request to /publishToTopic: {"topic":"10bis","message":"sababa"}
Mon Mar 25 2019 17:42:41 GMT+0000 (UTC) ACK RECEIVED - message:{"type":"ack","time":1553535762071,"data":"ack","author":"Arik","color":""}
Mon Mar 25 2019 17:45:55 GMT+0000 (UTC) USER DISCONNECTED - Arik undefined
Mon Mar 25 2019 19:04:29 GMT+0000 (UTC) Connection from origin http://18.220.253.248:1337.
Mon Mar 25 2019 19:04:29 GMT+0000 (UTC) Connection accepted.
Mon Mar 25 2019 19:04:29 GMT+0000 (UTC) USER CONNECTED - known as: Liran with blue color.
Mon Mar 25 2019 19:04:58 GMT+0000 (UTC) MESSAGE RECEIVED - message:{"type":"textMessage","time":1553540699773,"data":"Hi, who is here ? 🤪","author":"Liran","color":"blue"}
Mon Mar 25 2019 19:04:58 GMT+0000 (UTC) MESSAGE SENT - to:Liran message:{"type":"textMessage","time":1553540699773,"data":"Hi, who is here ? 🤪","author":"Liran","color":"blue"}
Mon Mar 25 2019 19:04:58 GMT+0000 (UTC) ACK RECEIVED - message:{"type":"ack","time":1553540699986,"data":"ack","author":"Liran","color":""}
Mon Mar 25 2019 19:08:24 GMT+0000 (UTC) USER DISCONNECTED - Liran undefined
Mon Mar 25 2019 19:56:18 GMT+0000 (UTC) Connection from origin http://18.220.253.248:1337.
Mon Mar 25 2019 19:56:18 GMT+0000 (UTC) Connection accepted.
Mon Mar 25 2019 19:56:19 GMT+0000 (UTC) USER CONNECTED - known as: Tom with purple color.
Mon Mar 25 2019 19:56:28 GMT+0000 (UTC) MESSAGE RECEIVED - message:{"type":"textMessage","time":1553543788946,"data":"קורע","author":"Tom","color":"purple"}
Mon Mar 25 2019 19:56:28 GMT+0000 (UTC) MESSAGE SENT - to:Tom message:{"type":"textMessage","time":1553543788946,"data":"קורע","author":"Tom","color":"purple"}
Mon Mar 25 2019 19:56:28 GMT+0000 (UTC) ACK RECEIVED - message:{"type":"ack","time":1553543789143,"data":"ack","author":"Tom","color":""}
Mon Mar 25 2019 19:57:20 GMT+0000 (UTC) MESSAGE RECEIVED - message:{"type":"textMessage","time":1553543841118,"data":"בעעעע","author":"Tom","color":"purple"}
Mon Mar 25 2019 19:57:20 GMT+0000 (UTC) MESSAGE SENT - to:Tom message:{"type":"textMessage","time":1553543841118,"data":"בעעעע","author":"Tom","color":"purple"}
Mon Mar 25 2019 19:57:21 GMT+0000 (UTC) ACK RECEIVED - message:{"type":"ack","time":1553543841356,"data":"ack","author":"Tom","color":""}
Mon Mar 25 2019 19:57:48 GMT+0000 (UTC) SUBSCRIBE RECEIVED - message:{"type":"subscribe","time":1553543868347,"data":"10bis","author":"Tom","color":"purple"}
[ '10bis' ]
Mon Mar 25 2019 19:57:49 GMT+0000 (UTC) UNSUBSCRIBE RECEIVED - message:{"type":"unsubscribe","time":1553543869355,"data":"10bis","author":"Tom","color":"purple"}
[]
Mon Mar 25 2019 19:58:48 GMT+0000 (UTC) SUBSCRIBE RECEIVED - message:{"type":"subscribe","time":1553543928976,"data":"TASKS","author":"Tom","color":"purple"}
[ 'TASKS' ]
Mon Mar 25 2019 19:58:49 GMT+0000 (UTC) UNSUBSCRIBE RECEIVED - message:{"type":"unsubscribe","time":1553543929811,"data":"TASKS","author":"Tom","color":"purple"}
[]
Mon Mar 25 2019 20:01:51 GMT+0000 (UTC) Connection from origin http://18.220.253.248:1337.
Mon Mar 25 2019 20:01:51 GMT+0000 (UTC) Connection accepted.
Mon Mar 25 2019 20:01:51 GMT+0000 (UTC) USER CONNECTED - known as: Tester1 with plum color.
Mon Mar 25 2019 20:02:04 GMT+0000 (UTC) MESSAGE RECEIVED - message:{"type":"textMessage","time":1553544124474,"data":"Test","author":"Tester1","color":"plum"}
Mon Mar 25 2019 20:02:04 GMT+0000 (UTC) MESSAGE SENT - to:Tom message:{"type":"textMessage","time":1553544124474,"data":"Test","author":"Tester1","color":"plum"}
Mon Mar 25 2019 20:02:04 GMT+0000 (UTC) MESSAGE SENT - to:Tester1 message:{"type":"textMessage","time":1553544124474,"data":"Test","author":"Tester1","color":"plum"}
Mon Mar 25 2019 20:02:04 GMT+0000 (UTC) ACK RECEIVED - message:{"type":"ack","time":1553544124661,"data":"ack","author":"Tester1","color":""}
Mon Mar 25 2019 20:02:04 GMT+0000 (UTC) ACK RECEIVED - message:{"type":"ack","time":1553544124658,"data":"ack","author":"Tom","color":""}
Mon Mar 25 2019 20:04:15 GMT+0000 (UTC) USER DISCONNECTED - Tester1 undefined
Mon Mar 25 2019 20:09:20 GMT+0000 (UTC) USER DISCONNECTED - Tom undefined
